sending incremental file list
created directory /home/charlie/boom
./
.gitignore
LICENSE
d.tar
deploy.sh
index.html
package-lock.json
package.json
css/
css/bootstrap.css
css/bootstrap.min.css
css/mdb.css
css/mdb.lite.css
css/mdb.lite.min.css
css/mdb.min.css
css/style.css
css/style.min.css
css/addons/
css/addons/datatables-select.css
css/addons/datatables-select.min.css
css/addons/datatables.css
css/addons/datatables.min.css
css/addons/directives.css
css/addons/directives.min.css
css/addons/flag.css
css/addons/flag.min.css
css/addons/rating.css
css/addons/rating.min.css
css/addons/zmd.hierarchical-display.css
css/addons/zmd.hierarchical-display.min.css
css/modules/
css/modules/animations-extended.css
css/modules/animations-extended.min.css
font/
font/roboto/
font/roboto/Roboto-Bold.eot
font/roboto/Roboto-Bold.ttf
font/roboto/Roboto-Bold.woff
font/roboto/Roboto-Bold.woff2
font/roboto/Roboto-Light.eot
font/roboto/Roboto-Light.ttf
font/roboto/Roboto-Light.woff
font/roboto/Roboto-Light.woff2
font/roboto/Roboto-Medium.eot
font/roboto/Roboto-Medium.ttf
font/roboto/Roboto-Medium.woff
font/roboto/Roboto-Medium.woff2
font/roboto/Roboto-Regular.eot
font/roboto/Roboto-Regular.ttf
font/roboto/Roboto-Regular.woff
font/roboto/Roboto-Regular.woff2
font/roboto/Roboto-Thin.eot
font/roboto/Roboto-Thin.ttf
font/roboto/Roboto-Thin.woff
font/roboto/Roboto-Thin.woff2
img/
img/filmset.jpeg
img/flags.png
img/sample.jpg
img/vwhite.png
img/vwhite.svg
img/lightbox/
img/lightbox/default-skin.png
img/lightbox/default-skin.svg
img/lightbox/preloader.gif
img/overlays/
img/overlays/01.png
img/overlays/02.png
img/overlays/03.png
img/overlays/04.png
img/overlays/05.png
img/overlays/06.png
img/overlays/07.png
img/overlays/08.png
img/overlays/09.png
img/svg/
img/svg/arrow_left.svg
img/svg/arrow_right.svg
img/svg/flags.png
js/
js/bootstrap.js
js/bootstrap.min.js
js/jquery-3.4.1.min.js
js/mdb.js
js/mdb.min.js
js/popper.min.js
js/addons/
js/addons/datatables-select.js
js/addons/datatables-select.min.js
js/addons/datatables.js
js/addons/datatables.min.js
js/addons/imagesloaded.pkgd.min.js
js/addons/jquery.zmd.hierarchical-display.js
js/addons/jquery.zmd.hierarchical-display.min.js
js/addons/masonry.pkgd.min.js
js/addons/progressBar.js
js/addons/progressBar.min.js
js/addons/rating.js
js/addons/rating.min.js
js/modules/
js/modules/bs-custom-file-input.js
js/modules/chart.js
js/modules/default-file-input.js
js/modules/enhanced-modals.js
js/modules/forms-free.js
js/modules/jquery.easing.js
js/modules/scrolling-navbar.js
js/modules/treeview.js
js/modules/velocity.js
js/modules/velocity.min.js
js/modules/waves.js
js/modules/wow.js
scss/
scss/_custom-styles.scss
scss/_custom-variables.scss
scss/mdb.lite.scss
scss/mdb.scss
scss/style.scss
scss/addons/
scss/addons/_datatables-select.scss
scss/addons/_datatables.scss
scss/addons/_directives.scss
scss/addons/_flags.scss
scss/addons/_hierarchical-display.scss
scss/addons/_rating.scss
scss/core/
scss/core/_colors.scss
scss/core/_global.scss
scss/core/_helpers.scss
scss/core/_masks.scss
scss/core/_mixins.scss
scss/core/_typography.scss
scss/core/_variables.scss
scss/core/_waves.scss
scss/core/bootstrap/
scss/core/bootstrap/_functions.scss
scss/core/bootstrap/_rfs.scss
scss/core/bootstrap/_variables.scss
scss/free/
scss/free/_animations-basic.scss
scss/free/_badges.scss
scss/free/_buttons.scss
scss/free/_cards.scss
scss/free/_carousels.scss
scss/free/_depreciated.scss
scss/free/_dropdowns.scss
scss/free/_footers.scss
scss/free/_forms.scss
scss/free/_input-group.scss
scss/free/_list-group.scss
scss/free/_loader.scss
scss/free/_modals.scss
scss/free/_msc.scss
scss/free/_navbars.scss
scss/free/_pagination.scss
scss/free/_steppers.scss
scss/free/_switch.scss
scss/free/_tables.scss
scss/free/_treeview.scss
scss/free/modules/
scss/free/modules/animations-extended/
scss/free/modules/animations-extended/_module.scss
scss/free/modules/animations-extended/animations-extended.scss
templates/
templates/cardstack.html
templates/indexcdn.html
templates/indexlocal.html

sent 5.84M bytes  received 2.97K bytes  432.99K bytes/sec
total size is 5.83M  speedup is 1.00

By: u0_a166
Sun Oct 20 23:54:42 CDT 2019
Git Branch Deployed: master
